[ INFO ] [2016-08-28 13:27:20] com.sishuok.Application [48] - Starting Application on luopc-pc with PID 12420 (D:\workspace\git-work\spring-boot-helloworld\target\classes started by Luopc in D:\workspace\git-work\spring-boot-helloworld)
[ INFO ] [2016-08-28 13:27:20] com.sishuok.Application [659] - No active profile set, falling back to default profiles: default
[ INFO ] [2016-08-28 13:27:20] org.hibernate.validator.internal.util.Version [30] - HV000001: Hibernate Validator 5.2.4.Final
[ INFO ] [2016-08-28 13:27:20] org.springframework.boot.context.embedded.AnnotationConfigEmbeddedWebApplicationContext [581] - Refreshing org.springframework.boot.context.embedded.AnnotationConfigEmbeddedWebApplicationContext@16123c55: startup date [Sun Aug 28 13:27:20 CST 2016]; root of context hierarchy
[ WARN ] [2016-08-28 13:27:21] org.springframework.boot.context.embedded.AnnotationConfigEmbeddedWebApplicationContext [549] - Exception encountered during context initialization - cancelling refresh attempt: org.springframework.context.ApplicationContextException: Unable to start embedded container; nested exception is org.springframework.context.ApplicationContextException: Unable to start EmbeddedWebApplicationContext due to missing EmbeddedServletContainerFactory bean.
[ ERROR] [2016-08-28 13:27:21] org.springframework.boot.SpringApplication [838] - Application startup failed
org.springframework.context.ApplicationContextException: Unable to start embedded container; nested exception is org.springframework.context.ApplicationContextException: Unable to start EmbeddedWebApplicationContext due to missing EmbeddedServletContainerFactory bean.
	at org.springframework.boot.context.embedded.EmbeddedWebApplicationContext.onRefresh(EmbeddedWebApplicationContext.java:137)
	at org.springframework.context.support.AbstractApplicationContext.refresh(AbstractApplicationContext.java:535)
	at org.springframework.boot.context.embedded.EmbeddedWebApplicationContext.refresh(EmbeddedWebApplicationContext.java:122)
	at org.springframework.boot.SpringApplication.refresh(SpringApplication.java:759)
	at org.springframework.boot.SpringApplication.refreshContext(SpringApplication.java:369)
	at org.springframework.boot.SpringApplication.run(SpringApplication.java:313)
	at org.springframework.boot.SpringApplication.run(SpringApplication.java:1185)
	at org.springframework.boot.SpringApplication.run(SpringApplication.java:1174)
	at com.sishuok.Application.main(Application.java:18)
	at sun.reflect.NativeMethodAccessorImpl.invoke0(Native Method)
	at sun.reflect.NativeMethodAccessorImpl.invoke(NativeMethodAccessorImpl.java:57)
	at sun.reflect.DelegatingMethodAccessorImpl.invoke(DelegatingMethodAccessorImpl.java:43)
	at java.lang.reflect.Method.invoke(Method.java:601)
	at com.intellij.rt.execution.application.AppMain.main(AppMain.java:144)
Caused by: org.springframework.context.ApplicationContextException: Unable to start EmbeddedWebApplicationContext due to missing EmbeddedServletContainerFactory bean.
	at org.springframework.boot.context.embedded.EmbeddedWebApplicationContext.getEmbeddedServletContainerFactory(EmbeddedWebApplicationContext.java:189)
	at org.springframework.boot.context.embedded.EmbeddedWebApplicationContext.createEmbeddedServletContainer(EmbeddedWebApplicationContext.java:162)
	at org.springframework.boot.context.embedded.EmbeddedWebApplicationContext.onRefresh(EmbeddedWebApplicationContext.java:134)
	... 13 common frames omitted
[ INFO ] [2016-08-28 14:00:21] com.sishuok.Application [48] - Starting Application on luopc-pc with PID 9376 (D:\workspace\git-work\spring-boot-helloworld\target\classes started by Luopc in D:\workspace\git-work\spring-boot-helloworld)
[ INFO ] [2016-08-28 14:00:21] org.springframework.boot.context.embedded.AnnotationConfigEmbeddedWebApplicationContext [514] - Refreshing org.springframework.boot.context.embedded.AnnotationConfigEmbeddedWebApplicationContext@46ae8bb1: startup date [Sun Aug 28 14:00:21 CST 2016]; root of context hierarchy
[ INFO ] [2016-08-28 14:00:24] org.springframework.beans.factory.support.DefaultListableBeanFactory [822] - Overriding bean definition for bean 'beanNameViewResolver': replacing [Root bean: class [null]; scope=; abstract=false; lazyInit=false; autowireMode=3; dependencyCheck=0; autowireCandidate=true; primary=false; factoryBeanName=org.springframework.boot.autoconfigure.web.ErrorMvcAutoConfiguration$WhitelabelErrorViewConfiguration; factoryMethodName=beanNameViewResolver; initMethodName=null; destroyMethodName=(inferred); defined in class path resource [org/springframework/boot/autoconfigure/web/ErrorMvcAutoConfiguration$WhitelabelErrorViewConfiguration.class]] with [Root bean: class [null]; scope=; abstract=false; lazyInit=false; autowireMode=3; dependencyCheck=0; autowireCandidate=true; primary=false; factoryBeanName=org.springframework.boot.autoconfigure.web.WebMvcAutoConfiguration$WebMvcAutoConfigurationAdapter; factoryMethodName=beanNameViewResolver; initMethodName=null; destroyMethodName=(inferred); defined in class path resource [org/springframework/boot/autoconfigure/web/WebMvcAutoConfiguration$WebMvcAutoConfigurationAdapter.class]]
[ INFO ] [2016-08-28 14:00:24] org.hibernate.validator.internal.util.Version [27] - HV000001: Hibernate Validator 5.1.3.Final
[ INFO ] [2016-08-28 14:00:25] org.springframework.boot.context.embedded.jetty.JettyEmbeddedServletContainerFactory [125] - Server initialized with port: 8080
[ INFO ] [2016-08-28 14:00:25] org.eclipse.jetty.server.Server [327] - jetty-9.2.14.v20151106
[ INFO ] [2016-08-28 14:00:25] / [2052] - Initializing Spring embedded WebApplicationContext
[ INFO ] [2016-08-28 14:00:25] org.springframework.web.context.ContextLoader [271] - Root WebApplicationContext: initialization completed in 3724 ms
[ INFO ] [2016-08-28 14:00:26] org.springframework.security.web.DefaultSecurityFilterChain [28] - Creating filter chain: Ant [pattern='/css/**'], []
[ INFO ] [2016-08-28 14:00:26] org.springframework.security.web.DefaultSecurityFilterChain [28] - Creating filter chain: Ant [pattern='/js/**'], []
[ INFO ] [2016-08-28 14:00:26] org.springframework.security.web.DefaultSecurityFilterChain [28] - Creating filter chain: Ant [pattern='/images/**'], []
[ INFO ] [2016-08-28 14:00:26] org.springframework.security.web.DefaultSecurityFilterChain [28] - Creating filter chain: Ant [pattern='/**/favicon.ico'], []
[ INFO ] [2016-08-28 14:00:26] org.springframework.security.web.DefaultSecurityFilterChain [28] - Creating filter chain: Ant [pattern='/error'], []
[ INFO ] [2016-08-28 14:00:26] org.springframework.security.web.DefaultSecurityFilterChain [28] - Creating filter chain: OrRequestMatcher [requestMatchers=[Ant [pattern='/**']]], [org.springframework.security.web.context.request.async.WebAsyncManagerIntegrationFilter@4e13ce16, org.springframework.security.web.context.SecurityContextPersistenceFilter@25e131b2, org.springframework.security.web.header.HeaderWriterFilter@15d3953d, org.springframework.security.web.authentication.logout.LogoutFilter@1a8fb90c, org.springframework.security.web.authentication.www.BasicAuthenticationFilter@74a27fae, org.springframework.security.web.savedrequest.RequestCacheAwareFilter@4d801dc2, org.springframework.security.web.servletapi.SecurityContextHolderAwareRequestFilter@6b7b13c, org.springframework.security.web.authentication.AnonymousAuthenticationFilter@763f2e65, org.springframework.security.web.session.SessionManagementFilter@4def3e66, org.springframework.security.web.access.ExceptionTranslationFilter@5f1c1cbe, org.springframework.security.web.access.intercept.FilterSecurityInterceptor@2efd0d81]
[ INFO ] [2016-08-28 14:00:26] org.springframework.boot.context.embedded.FilterRegistrationBean [287] - Mapping filter: 'characterEncodingFilter' to: [/*]
[ INFO ] [2016-08-28 14:00:26] org.springframework.boot.context.embedded.FilterRegistrationBean [287] - Mapping filter: 'hiddenHttpMethodFilter' to: [/*]
[ INFO ] [2016-08-28 14:00:26] org.springframework.boot.context.embedded.FilterRegistrationBean [287] - Mapping filter: 'springSecurityFilterChain' to: [/*]
[ INFO ] [2016-08-28 14:00:26] org.springframework.boot.context.embedded.ServletRegistrationBean [189] - Mapping servlet: 'dispatcherServlet' to [/]
[ INFO ] [2016-08-28 14:00:26] org.eclipse.jetty.server.handler.ContextHandler [744] - Started o.s.b.c.e.j.JettyEmbeddedWebAppContext@26de017b{/,null,AVAILABLE}
[ INFO ] [2016-08-28 14:00:26] org.eclipse.jetty.server.Server [379] - Started @6605ms
[ INFO ] [2016-08-28 14:00:26] org.springframework.web.servlet.mvc.method.annotation.RequestMappingHandlerAdapter [517] - Looking for @ControllerAdvice: org.springframework.boot.context.embedded.AnnotationConfigEmbeddedWebApplicationContext@46ae8bb1: startup date [Sun Aug 28 14:00:21 CST 2016]; root of context hierarchy
[ INFO ] [2016-08-28 14:00:26] org.springframework.web.servlet.mvc.method.annotation.RequestMappingHandlerMapping [218] - Mapped "{[/user/{id}]}" onto private com.sishuok.entity.User com.sishuok.controller.UserController.view(java.lang.Long)
[ INFO ] [2016-08-28 14:00:26] org.springframework.web.servlet.mvc.method.annotation.RequestMappingHandlerMapping [218] - Mapped "{[/error]}" onto public org.springframework.http.ResponseEntity<java.util.Map<java.lang.String, java.lang.Object>> org.springframework.boot.autoconfigure.web.BasicErrorController.error(javax.servlet.http.HttpServletRequest)
[ INFO ] [2016-08-28 14:00:26] org.springframework.web.servlet.mvc.method.annotation.RequestMappingHandlerMapping [218] - Mapped "{[/error],produces=[text/html]}" onto public org.springframework.web.servlet.ModelAndView org.springframework.boot.autoconfigure.web.BasicErrorController.errorHtml(javax.servlet.http.HttpServletRequest,javax.servlet.http.HttpServletResponse)
[ INFO ] [2016-08-28 14:00:26] org.springframework.web.servlet.handler.SimpleUrlHandlerMapping [314] - Mapped URL path [/webjars/**] onto handler of type [class org.springframework.web.servlet.resource.ResourceHttpRequestHandler]
[ INFO ] [2016-08-28 14:00:26] org.springframework.web.servlet.handler.SimpleUrlHandlerMapping [314] - Mapped URL path [/**] onto handler of type [class org.springframework.web.servlet.resource.ResourceHttpRequestHandler]
[ INFO ] [2016-08-28 14:00:27] org.springframework.web.servlet.handler.SimpleUrlHandlerMapping [314] - Mapped URL path [/**/favicon.ico] onto handler of type [class org.springframework.web.servlet.resource.ResourceHttpRequestHandler]
[ INFO ] [2016-08-28 14:00:27] org.apache.solr.client.solrj.impl.HttpClientUtil [103] - Creating new http client, config:maxConnections=128&maxConnectionsPerHost=32&followRedirects=false
[ INFO ] [2016-08-28 14:00:27] org.springframework.web.servlet.view.velocity.VelocityConfigurer [140] - ClasspathResourceLoader with name 'springMacro' added to configured VelocityEngine
[ INFO ] [2016-08-28 14:00:27] org.springframework.ui.velocity.SpringResourceLoader [92] - SpringResourceLoader for Velocity: using resource loader [org.springframework.boot.context.embedded.AnnotationConfigEmbeddedWebApplicationContext@46ae8bb1: startup date [Sun Aug 28 14:00:21 CST 2016]; root of context hierarchy] and resource loader paths [classpath:/templates/]
[ WARN ] [2016-08-28 14:00:27] org.springframework.boot.context.embedded.AnnotationConfigEmbeddedWebApplicationContext [488] - Exception encountered during context initialization - cancelling refresh attempt: org.springframework.beans.factory.BeanCreationException: Error creating bean with name 'org.springframework.boot.autoconfigure.velocity.VelocityAutoConfiguration': Invocation of init method failed; nested exception is java.lang.IllegalStateException: Cannot find template location: classpath:/templates/ (please add some templates, check your Velocity configuration, or set spring.velocity.checkTemplateLocation=false)
[ INFO ] [2016-08-28 14:00:27] org.springframework.jmx.export.annotation.AnnotationMBeanExporter [449] - Unregistering JMX-exposed beans on shutdown
[ INFO ] [2016-08-28 14:00:27] org.eclipse.jetty.server.handler.ContextHandler [865] - Stopped o.s.b.c.e.j.JettyEmbeddedWebAppContext@26de017b{/,null,UNAVAILABLE}
[ INFO ] [2016-08-28 14:00:27] org.springframework.boot.logging.ClasspathLoggingApplicationListener [56] - Application failed to start with classpath: [file:/D:/Genuitec/Java/jdk1.7.0_05/jre/lib/charsets.jar, file:/D:/Genuitec/Java/jdk1.7.0_05/jre/lib/deploy.jar, file:/D:/Genuitec/Java/jdk1.7.0_05/jre/lib/ext/dnsns.jar, file:/D:/Genuitec/Java/jdk1.7.0_05/jre/lib/ext/localedata.jar, file:/D:/Genuitec/Java/jdk1.7.0_05/jre/lib/ext/sunec.jar, file:/D:/Genuitec/Java/jdk1.7.0_05/jre/lib/ext/sunjce_provider.jar, file:/D:/Genuitec/Java/jdk1.7.0_05/jre/lib/ext/sunmscapi.jar, file:/D:/Genuitec/Java/jdk1.7.0_05/jre/lib/ext/zipfs.jar, file:/D:/Genuitec/Java/jdk1.7.0_05/jre/lib/javaws.jar, file:/D:/Genuitec/Java/jdk1.7.0_05/jre/lib/jce.jar, file:/D:/Genuitec/Java/jdk1.7.0_05/jre/lib/jfr.jar, file:/D:/Genuitec/Java/jdk1.7.0_05/jre/lib/jsse.jar, file:/D:/Genuitec/Java/jdk1.7.0_05/jre/lib/management-agent.jar, file:/D:/Genuitec/Java/jdk1.7.0_05/jre/lib/plugin.jar, file:/D:/Genuitec/Java/jdk1.7.0_05/jre/lib/resources.jar, file:/D:/Genuitec/Java/jdk1.7.0_05/jre/lib/rt.jar, file:/D:/workspace/git-work/spring-boot-helloworld/target/classes/, file:/D:/Genuitec/Java/repository/org/apache/httpcomponents/httpclient/4.4/httpclient-4.4.jar, file:/D:/Genuitec/Java/repository/org/apache/httpcomponents/httpcore/4.4/httpcore-4.4.jar, file:/D:/Genuitec/Java/repository/commons-codec/commons-codec/1.9/commons-codec-1.9.jar, file:/D:/Genuitec/Java/repository/com/alibaba/fastjson/1.2.4/fastjson-1.2.4.jar, file:/D:/Genuitec/Java/repository/dom4j/dom4j/1.6.1/dom4j-1.6.1.jar, file:/D:/Genuitec/Java/repository/xml-apis/xml-apis/1.0.b2/xml-apis-1.0.b2.jar, file:/D:/Genuitec/Java/repository/log4j/log4j/1.2.17/log4j-1.2.17.jar, file:/D:/Genuitec/Java/repository/org/springframework/boot/spring-boot-starter-web/1.2.8.RELEASE/spring-boot-starter-web-1.2.8.RELEASE.jar, file:/D:/Genuitec/Java/repository/org/springframework/boot/spring-boot-starter/1.2.8.RELEASE/spring-boot-starter-1.2.8.RELEASE.jar, file:/D:/Genuitec/Java/repository/org/springframework/boot/spring-boot/1.2.8.RELEASE/spring-boot-1.2.8.RELEASE.jar, file:/D:/Genuitec/Java/repository/org/springframework/boot/spring-boot-autoconfigure/1.2.8.RELEASE/spring-boot-autoconfigure-1.2.8.RELEASE.jar, file:/D:/Genuitec/Java/repository/org/springframework/boot/spring-boot-starter-logging/1.2.8.RELEASE/spring-boot-starter-logging-1.2.8.RELEASE.jar, file:/D:/Genuitec/Java/repository/org/slf4j/jcl-over-slf4j/1.7.13/jcl-over-slf4j-1.7.13.jar, file:/D:/Genuitec/Java/repository/org/slf4j/jul-to-slf4j/1.7.13/jul-to-slf4j-1.7.13.jar, file:/D:/Genuitec/Java/repository/org/slf4j/log4j-over-slf4j/1.7.13/log4j-over-slf4j-1.7.13.jar, file:/D:/Genuitec/Java/repository/ch/qos/logback/logback-classic/1.1.3/logback-classic-1.1.3.jar, file:/D:/Genuitec/Java/repository/ch/qos/logback/logback-core/1.1.3/logback-core-1.1.3.jar, file:/D:/Genuitec/Java/repository/org/yaml/snakeyaml/1.14/snakeyaml-1.14.jar, file:/D:/Genuitec/Java/repository/com/fasterxml/jackson/core/jackson-databind/2.4.6/jackson-databind-2.4.6.jar, file:/D:/Genuitec/Java/repository/com/fasterxml/jackson/core/jackson-annotations/2.4.6/jackson-annotations-2.4.6.jar, file:/D:/Genuitec/Java/repository/com/fasterxml/jackson/core/jackson-core/2.4.6/jackson-core-2.4.6.jar, file:/D:/Genuitec/Java/repository/org/hibernate/hibernate-validator/5.1.3.Final/hibernate-validator-5.1.3.Final.jar, file:/D:/Genuitec/Java/repository/javax/validation/validation-api/1.1.0.Final/validation-api-1.1.0.Final.jar, file:/D:/Genuitec/Java/repository/org/jboss/logging/jboss-logging/3.1.3.GA/jboss-logging-3.1.3.GA.jar, file:/D:/Genuitec/Java/repository/com/fasterxml/classmate/1.0.0/classmate-1.0.0.jar, file:/D:/Genuitec/Java/repository/org/springframework/spring-core/4.1.9.RELEASE/spring-core-4.1.9.RELEASE.jar, file:/D:/Genuitec/Java/repository/org/springframework/spring-web/4.1.9.RELEASE/spring-web-4.1.9.RELEASE.jar, file:/D:/Genuitec/Java/repository/org/springframework/spring-webmvc/4.1.9.RELEASE/spring-webmvc-4.1.9.RELEASE.jar, file:/D:/Genuitec/Java/repository/org/springframework/boot/spring-boot-starter-security/1.2.8.RELEASE/spring-boot-starter-security-1.2.8.RELEASE.jar, file:/D:/Genuitec/Java/repository/org/springframework/spring-beans/4.1.9.RELEASE/spring-beans-4.1.9.RELEASE.jar, file:/D:/Genuitec/Java/repository/org/springframework/spring-context/4.1.9.RELEASE/spring-context-4.1.9.RELEASE.jar, file:/D:/Genuitec/Java/repository/org/springframework/spring-expression/4.1.9.RELEASE/spring-expression-4.1.9.RELEASE.jar, file:/D:/Genuitec/Java/repository/org/springframework/security/spring-security-config/3.2.9.RELEASE/spring-security-config-3.2.9.RELEASE.jar, file:/D:/Genuitec/Java/repository/aopalliance/aopalliance/1.0/aopalliance-1.0.jar, file:/D:/Genuitec/Java/repository/org/springframework/security/spring-security-core/3.2.9.RELEASE/spring-security-core-3.2.9.RELEASE.jar, file:/D:/Genuitec/Java/repository/org/springframework/security/spring-security-web/3.2.9.RELEASE/spring-security-web-3.2.9.RELEASE.jar, file:/D:/Genuitec/Java/repository/org/springframework/spring-aop/4.1.9.RELEASE/spring-aop-4.1.9.RELEASE.jar, file:/D:/Genuitec/Java/repository/org/springframework/boot/spring-boot-starter-velocity/1.2.8.RELEASE/spring-boot-starter-velocity-1.2.8.RELEASE.jar, file:/D:/Genuitec/Java/repository/commons-beanutils/commons-beanutils/1.9.2/commons-beanutils-1.9.2.jar, file:/D:/Genuitec/Java/repository/commons-collections/commons-collections/3.2.2/commons-collections-3.2.2.jar, file:/D:/Genuitec/Java/repository/commons-digester/commons-digester/2.1/commons-digester-2.1.jar, file:/D:/Genuitec/Java/repository/org/apache/velocity/velocity/1.7/velocity-1.7.jar, file:/D:/Genuitec/Java/repository/commons-lang/commons-lang/2.4/commons-lang-2.4.jar, file:/D:/Genuitec/Java/repository/org/apache/velocity/velocity-tools/2.0/velocity-tools-2.0.jar, file:/D:/Genuitec/Java/repository/commons-chain/commons-chain/1.1/commons-chain-1.1.jar, file:/D:/Genuitec/Java/repository/commons-validator/commons-validator/1.3.1/commons-validator-1.3.1.jar, file:/D:/Genuitec/Java/repository/oro/oro/2.0.8/oro-2.0.8.jar, file:/D:/Genuitec/Java/repository/sslext/sslext/1.2-0/sslext-1.2-0.jar, file:/D:/Genuitec/Java/repository/org/apache/struts/struts-core/1.3.8/struts-core-1.3.8.jar, file:/D:/Genuitec/Java/repository/antlr/antlr/2.7.7/antlr-2.7.7.jar, file:/D:/Genuitec/Java/repository/org/apache/struts/struts-taglib/1.3.8/struts-taglib-1.3.8.jar, file:/D:/Genuitec/Java/repository/org/apache/struts/struts-tiles/1.3.8/struts-tiles-1.3.8.jar, file:/D:/Genuitec/Java/repository/org/springframework/spring-context-support/4.1.9.RELEASE/spring-context-support-4.1.9.RELEASE.jar, file:/D:/Genuitec/Java/repository/com/google/guava/guava/16.0.1/guava-16.0.1.jar, file:/D:/Genuitec/Java/repository/com/google/code/gson/gson/2.3.1/gson-2.3.1.jar, file:/D:/Genuitec/Java/repository/org/jsoup/jsoup/1.8.1/jsoup-1.8.1.jar, file:/D:/Genuitec/Java/repository/org/apache/solr/solr-solrj/4.3.1/solr-solrj-4.3.1.jar, file:/D:/Genuitec/Java/repository/org/apache/zookeeper/zookeeper/3.4.5/zookeeper-3.4.5.jar, file:/D:/Genuitec/Java/repository/org/slf4j/slf4j-api/1.7.13/slf4j-api-1.7.13.jar, file:/D:/Genuitec/Java/repository/commons-io/commons-io/2.1/commons-io-2.1.jar, file:/D:/Genuitec/Java/repository/org/noggit/noggit/0.5/noggit-0.5.jar, file:/D:/Genuitec/Java/repository/org/apache/httpcomponents/httpmime/4.3.6/httpmime-4.3.6.jar, file:/D:/Genuitec/Java/repository/org/codehaus/woodstox/wstx-asl/3.2.7/wstx-asl-3.2.7.jar, file:/D:/Genuitec/Java/repository/org/springframework/boot/spring-boot-starter-jetty/1.2.8.RELEASE/spring-boot-starter-jetty-1.2.8.RELEASE.jar, file:/D:/Genuitec/Java/repository/org/eclipse/jetty/jetty-jsp/9.2.14.v20151106/jetty-jsp-9.2.14.v20151106.jar, file:/D:/Genuitec/Java/repository/org/eclipse/jetty/toolchain/jetty-schemas/3.1.M0/jetty-schemas-3.1.M0.jar, file:/D:/Genuitec/Java/repository/javax/servlet/javax.servlet-api/3.1.0/javax.servlet-api-3.1.0.jar, file:/D:/Genuitec/Java/repository/javax/servlet/jsp/javax.servlet.jsp-api/2.3.1/javax.servlet.jsp-api-2.3.1.jar, file:/D:/Genuitec/Java/repository/org/glassfish/web/javax.servlet.jsp/2.3.2/javax.servlet.jsp-2.3.2.jar, file:/D:/Genuitec/Java/repository/org/eclipse/jetty/orbit/javax.servlet.jsp.jstl/1.2.0.v201105211821/javax.servlet.jsp.jstl-1.2.0.v201105211821.jar, file:/D:/Genuitec/Java/repository/org/glassfish/web/javax.servlet.jsp.jstl/1.2.2/javax.servlet.jsp.jstl-1.2.2.jar, file:/D:/Genuitec/Java/repository/org/glassfish/javax.el/3.0.0/javax.el-3.0.0.jar, file:/D:/Genuitec/Java/repository/org/eclipse/jetty/orbit/org.eclipse.jdt.core/3.8.2.v20130121/org.eclipse.jdt.core-3.8.2.v20130121.jar, file:/D:/Genuitec/Java/repository/org/eclipse/jetty/jetty-webapp/9.2.14.v20151106/jetty-webapp-9.2.14.v20151106.jar, file:/D:/Genuitec/Java/repository/org/eclipse/jetty/jetty-xml/9.2.14.v20151106/jetty-xml-9.2.14.v20151106.jar, file:/D:/Genuitec/Java/repository/org/eclipse/jetty/jetty-util/9.2.14.v20151106/jetty-util-9.2.14.v20151106.jar, file:/D:/Genuitec/Java/repository/org/eclipse/jetty/jetty-servlet/9.2.14.v20151106/jetty-servlet-9.2.14.v20151106.jar, file:/D:/Genuitec/Java/repository/org/eclipse/jetty/jetty-security/9.2.14.v20151106/jetty-security-9.2.14.v20151106.jar, file:/D:/Genuitec/Java/repository/org/eclipse/jetty/jetty-server/9.2.14.v20151106/jetty-server-9.2.14.v20151106.jar, file:/D:/Genuitec/Java/repository/org/eclipse/jetty/websocket/websocket-server/9.2.14.v20151106/websocket-server-9.2.14.v20151106.jar, file:/D:/Genuitec/Java/repository/org/eclipse/jetty/websocket/websocket-common/9.2.14.v20151106/websocket-common-9.2.14.v20151106.jar, file:/D:/Genuitec/Java/repository/org/eclipse/jetty/websocket/websocket-api/9.2.14.v20151106/websocket-api-9.2.14.v20151106.jar, file:/D:/Genuitec/Java/repository/org/eclipse/jetty/jetty-io/9.2.14.v20151106/jetty-io-9.2.14.v20151106.jar, file:/D:/Genuitec/Java/repository/org/eclipse/jetty/websocket/websocket-client/9.2.14.v20151106/websocket-client-9.2.14.v20151106.jar, file:/D:/Genuitec/Java/repository/org/eclipse/jetty/websocket/websocket-servlet/9.2.14.v20151106/websocket-servlet-9.2.14.v20151106.jar, file:/D:/Genuitec/Java/repository/org/eclipse/jetty/jetty-http/9.2.14.v20151106/jetty-http-9.2.14.v20151106.jar, file:/D:/Genuitec/Java/repository/org/eclipse/jetty/websocket/javax-websocket-server-impl/9.2.14.v20151106/javax-websocket-server-impl-9.2.14.v20151106.jar, file:/D:/Genuitec/Java/repository/org/eclipse/jetty/jetty-annotations/9.2.14.v20151106/jetty-annotations-9.2.14.v20151106.jar, file:/D:/Genuitec/Java/repository/org/eclipse/jetty/jetty-plus/9.2.14.v20151106/jetty-plus-9.2.14.v20151106.jar, file:/D:/Genuitec/Java/repository/org/eclipse/jetty/jetty-jndi/9.2.14.v20151106/jetty-jndi-9.2.14.v20151106.jar, file:/D:/Genuitec/Java/repository/javax/annotation/javax.annotation-api/1.2/javax.annotation-api-1.2.jar, file:/D:/Genuitec/Java/repository/org/ow2/asm/asm/5.0.1/asm-5.0.1.jar, file:/D:/Genuitec/Java/repository/org/ow2/asm/asm-commons/5.0.1/asm-commons-5.0.1.jar, file:/D:/Genuitec/Java/repository/org/ow2/asm/asm-tree/5.0.1/asm-tree-5.0.1.jar, file:/D:/Genuitec/Java/repository/org/eclipse/jetty/websocket/javax-websocket-client-impl/9.2.14.v20151106/javax-websocket-client-impl-9.2.14.v20151106.jar, file:/D:/Genuitec/Java/repository/javax/websocket/javax.websocket-api/1.0/javax.websocket-api-1.0.jar, file:/D:/Genuitec/IntelliJ%20IDEA%2015.0.2/lib/idea_rt.jar]
[ INFO ] [2016-08-28 14:00:27] org.springframework.boot.autoconfigure.logging.AutoConfigurationReportLoggingInitializer [110] - 

Error starting ApplicationContext. To display the auto-configuration report enable debug logging (start with --debug)


[ ERROR] [2016-08-28 14:00:27] org.springframework.boot.SpringApplication [340] - Application startup failed
org.springframework.beans.factory.BeanCreationException: Error creating bean with name 'org.springframework.boot.autoconfigure.velocity.VelocityAutoConfiguration': Invocation of init method failed; nested exception is java.lang.IllegalStateException: Cannot find template location: classpath:/templates/ (please add some templates, check your Velocity configuration, or set spring.velocity.checkTemplateLocation=false)
	at org.springframework.beans.factory.annotation.InitDestroyAnnotationBeanPostProcessor.postProcessBeforeInitialization(InitDestroyAnnotationBeanPostProcessor.java:136) ~[spring-beans-4.1.9.RELEASE.jar:4.1.9.RELEASE]
	at org.springframework.beans.factory.support.AbstractAutowireCapableBeanFactory.applyBeanPostProcessorsBeforeInitialization(AbstractAutowireCapableBeanFactory.java:408) ~[spring-beans-4.1.9.RELEASE.jar:4.1.9.RELEASE]
	at org.springframework.beans.factory.support.AbstractAutowireCapableBeanFactory.initializeBean(AbstractAutowireCapableBeanFactory.java:1564) ~[spring-beans-4.1.9.RELEASE.jar:4.1.9.RELEASE]
	at org.springframework.beans.factory.support.AbstractAutowireCapableBeanFactory.doCreateBean(AbstractAutowireCapableBeanFactory.java:539) ~[spring-beans-4.1.9.RELEASE.jar:4.1.9.RELEASE]
	at org.springframework.beans.factory.support.AbstractAutowireCapableBeanFactory.createBean(AbstractAutowireCapableBeanFactory.java:476) ~[spring-beans-4.1.9.RELEASE.jar:4.1.9.RELEASE]
	at org.springframework.beans.factory.support.AbstractBeanFactory$1.getObject(AbstractBeanFactory.java:303) ~[spring-beans-4.1.9.RELEASE.jar:4.1.9.RELEASE]
	at org.springframework.beans.factory.support.DefaultSingletonBeanRegistry.getSingleton(DefaultSingletonBeanRegistry.java:230) ~[spring-beans-4.1.9.RELEASE.jar:4.1.9.RELEASE]
	at org.springframework.beans.factory.support.AbstractBeanFactory.doGetBean(AbstractBeanFactory.java:299) ~[spring-beans-4.1.9.RELEASE.jar:4.1.9.RELEASE]
	at org.springframework.beans.factory.support.AbstractBeanFactory.getBean(AbstractBeanFactory.java:194) ~[spring-beans-4.1.9.RELEASE.jar:4.1.9.RELEASE]
	at org.springframework.beans.factory.support.DefaultListableBeanFactory.preInstantiateSingletons(DefaultListableBeanFactory.java:755) ~[spring-beans-4.1.9.RELEASE.jar:4.1.9.RELEASE]
	at org.springframework.context.support.AbstractApplicationContext.finishBeanFactoryInitialization(AbstractApplicationContext.java:762) ~[spring-context-4.1.9.RELEASE.jar:4.1.9.RELEASE]
	at org.springframework.context.support.AbstractApplicationContext.refresh(AbstractApplicationContext.java:480) ~[spring-context-4.1.9.RELEASE.jar:4.1.9.RELEASE]
	at org.springframework.boot.context.embedded.EmbeddedWebApplicationContext.refresh(EmbeddedWebApplicationContext.java:118) ~[spring-boot-1.2.8.RELEASE.jar:1.2.8.RELEASE]
	at org.springframework.boot.SpringApplication.refresh(SpringApplication.java:690) [spring-boot-1.2.8.RELEASE.jar:1.2.8.RELEASE]
	at org.springframework.boot.SpringApplication.run(SpringApplication.java:322) [spring-boot-1.2.8.RELEASE.jar:1.2.8.RELEASE]
	at org.springframework.boot.SpringApplication.run(SpringApplication.java:970) [spring-boot-1.2.8.RELEASE.jar:1.2.8.RELEASE]
	at org.springframework.boot.SpringApplication.run(SpringApplication.java:959) [spring-boot-1.2.8.RELEASE.jar:1.2.8.RELEASE]
	at com.sishuok.Application.main(Application.java:18) [classes/:na]
	at sun.reflect.NativeMethodAccessorImpl.invoke0(Native Method) ~[na:1.7.0_05]
	at sun.reflect.NativeMethodAccessorImpl.invoke(NativeMethodAccessorImpl.java:57) ~[na:1.7.0_05]
	at sun.reflect.DelegatingMethodAccessorImpl.invoke(DelegatingMethodAccessorImpl.java:43) ~[na:1.7.0_05]
	at java.lang.reflect.Method.invoke(Method.java:601) ~[na:1.7.0_05]
	at com.intellij.rt.execution.application.AppMain.main(AppMain.java:144) [idea_rt.jar:na]
Caused by: java.lang.IllegalStateException: Cannot find template location: classpath:/templates/ (please add some templates, check your Velocity configuration, or set spring.velocity.checkTemplateLocation=false)
	at org.springframework.util.Assert.state(Assert.java:385) ~[spring-core-4.1.9.RELEASE.jar:4.1.9.RELEASE]
	at org.springframework.boot.autoconfigure.velocity.VelocityAutoConfiguration.checkTemplateLocationExists(VelocityAutoConfiguration.java:73) ~[spring-boot-autoconfigure-1.2.8.RELEASE.jar:1.2.8.RELEASE]
	at sun.reflect.NativeMethodAccessorImpl.invoke0(Native Method) ~[na:1.7.0_05]
	at sun.reflect.NativeMethodAccessorImpl.invoke(NativeMethodAccessorImpl.java:57) ~[na:1.7.0_05]
	at sun.reflect.DelegatingMethodAccessorImpl.invoke(DelegatingMethodAccessorImpl.java:43) ~[na:1.7.0_05]
	at java.lang.reflect.Method.invoke(Method.java:601) ~[na:1.7.0_05]
	at org.springframework.beans.factory.annotation.InitDestroyAnnotationBeanPostProcessor$LifecycleElement.invoke(InitDestroyAnnotationBeanPostProcessor.java:349) ~[spring-beans-4.1.9.RELEASE.jar:4.1.9.RELEASE]
	at org.springframework.beans.factory.annotation.InitDestroyAnnotationBeanPostProcessor$LifecycleMetadata.invokeInitMethods(InitDestroyAnnotationBeanPostProcessor.java:300) ~[spring-beans-4.1.9.RELEASE.jar:4.1.9.RELEASE]
	at org.springframework.beans.factory.annotation.InitDestroyAnnotationBeanPostProcessor.postProcessBeforeInitialization(InitDestroyAnnotationBeanPostProcessor.java:133) ~[spring-beans-4.1.9.RELEASE.jar:4.1.9.RELEASE]
	... 22 common frames omitted
[ INFO ] [2016-08-28 14:01:56] com.sishuok.Application [48] - Starting Application on luopc-pc with PID 16652 (D:\workspace\git-work\spring-boot-helloworld\target\classes started by Luopc in D:\workspace\git-work\spring-boot-helloworld)
[ INFO ] [2016-08-28 14:01:56] org.springframework.boot.context.embedded.AnnotationConfigEmbeddedWebApplicationContext [514] - Refreshing org.springframework.boot.context.embedded.AnnotationConfigEmbeddedWebApplicationContext@260a92f7: startup date [Sun Aug 28 14:01:56 CST 2016]; root of context hierarchy
[ INFO ] [2016-08-28 14:01:57] org.springframework.beans.factory.support.DefaultListableBeanFactory [822] - Overriding bean definition for bean 'beanNameViewResolver': replacing [Root bean: class [null]; scope=; abstract=false; lazyInit=false; autowireMode=3; dependencyCheck=0; autowireCandidate=true; primary=false; factoryBeanName=org.springframework.boot.autoconfigure.web.ErrorMvcAutoConfiguration$WhitelabelErrorViewConfiguration; factoryMethodName=beanNameViewResolver; initMethodName=null; destroyMethodName=(inferred); defined in class path resource [org/springframework/boot/autoconfigure/web/ErrorMvcAutoConfiguration$WhitelabelErrorViewConfiguration.class]] with [Root bean: class [null]; scope=; abstract=false; lazyInit=false; autowireMode=3; dependencyCheck=0; autowireCandidate=true; primary=false; factoryBeanName=org.springframework.boot.autoconfigure.web.WebMvcAutoConfiguration$WebMvcAutoConfigurationAdapter; factoryMethodName=beanNameViewResolver; initMethodName=null; destroyMethodName=(inferred); defined in class path resource [org/springframework/boot/autoconfigure/web/WebMvcAutoConfiguration$WebMvcAutoConfigurationAdapter.class]]
[ INFO ] [2016-08-28 14:01:58] org.hibernate.validator.internal.util.Version [27] - HV000001: Hibernate Validator 5.1.3.Final
[ INFO ] [2016-08-28 14:01:58] org.springframework.boot.context.embedded.jetty.JettyEmbeddedServletContainerFactory [125] - Server initialized with port: 8080
[ INFO ] [2016-08-28 14:01:58] org.eclipse.jetty.server.Server [327] - jetty-9.2.14.v20151106
[ INFO ] [2016-08-28 14:01:58] / [2052] - Initializing Spring embedded WebApplicationContext
[ INFO ] [2016-08-28 14:01:58] org.springframework.web.context.ContextLoader [271] - Root WebApplicationContext: initialization completed in 1876 ms
[ INFO ] [2016-08-28 14:01:59] org.springframework.security.web.DefaultSecurityFilterChain [28] - Creating filter chain: Ant [pattern='/css/**'], []
[ INFO ] [2016-08-28 14:01:59] org.springframework.security.web.DefaultSecurityFilterChain [28] - Creating filter chain: Ant [pattern='/js/**'], []
[ INFO ] [2016-08-28 14:01:59] org.springframework.security.web.DefaultSecurityFilterChain [28] - Creating filter chain: Ant [pattern='/images/**'], []
[ INFO ] [2016-08-28 14:01:59] org.springframework.security.web.DefaultSecurityFilterChain [28] - Creating filter chain: Ant [pattern='/**/favicon.ico'], []
[ INFO ] [2016-08-28 14:01:59] org.springframework.security.web.DefaultSecurityFilterChain [28] - Creating filter chain: Ant [pattern='/error'], []
[ INFO ] [2016-08-28 14:01:59] org.springframework.security.web.DefaultSecurityFilterChain [28] - Creating filter chain: OrRequestMatcher [requestMatchers=[Ant [pattern='/**']]], [org.springframework.security.web.context.request.async.WebAsyncManagerIntegrationFilter@17213f1a, org.springframework.security.web.context.SecurityContextPersistenceFilter@2c0864a6, org.springframework.security.web.header.HeaderWriterFilter@3731cca7, org.springframework.security.web.authentication.logout.LogoutFilter@66cea9dc, org.springframework.security.web.authentication.www.BasicAuthenticationFilter@1bd86555, org.springframework.security.web.savedrequest.RequestCacheAwareFilter@77a860e4, org.springframework.security.web.servletapi.SecurityContextHolderAwareRequestFilter@19cc2f5c, org.springframework.security.web.authentication.AnonymousAuthenticationFilter@7b5cfd3, org.springframework.security.web.session.SessionManagementFilter@5db04644, org.springframework.security.web.access.ExceptionTranslationFilter@11c15dd3, org.springframework.security.web.access.intercept.FilterSecurityInterceptor@6a15de9a]
[ INFO ] [2016-08-28 14:01:59] org.springframework.boot.context.embedded.FilterRegistrationBean [287] - Mapping filter: 'characterEncodingFilter' to: [/*]
[ INFO ] [2016-08-28 14:01:59] org.springframework.boot.context.embedded.FilterRegistrationBean [287] - Mapping filter: 'hiddenHttpMethodFilter' to: [/*]
[ INFO ] [2016-08-28 14:01:59] org.springframework.boot.context.embedded.FilterRegistrationBean [287] - Mapping filter: 'springSecurityFilterChain' to: [/*]
[ INFO ] [2016-08-28 14:01:59] org.springframework.boot.context.embedded.ServletRegistrationBean [189] - Mapping servlet: 'dispatcherServlet' to [/]
[ INFO ] [2016-08-28 14:01:59] org.eclipse.jetty.server.handler.ContextHandler [744] - Started o.s.b.c.e.j.JettyEmbeddedWebAppContext@7e6662f6{/,null,AVAILABLE}
[ INFO ] [2016-08-28 14:01:59] org.eclipse.jetty.server.Server [379] - Started @4771ms
[ INFO ] [2016-08-28 14:01:59] org.springframework.web.servlet.mvc.method.annotation.RequestMappingHandlerAdapter [517] - Looking for @ControllerAdvice: org.springframework.boot.context.embedded.AnnotationConfigEmbeddedWebApplicationContext@260a92f7: startup date [Sun Aug 28 14:01:56 CST 2016]; root of context hierarchy
[ INFO ] [2016-08-28 14:01:59] org.springframework.web.servlet.mvc.method.annotation.RequestMappingHandlerMapping [218] - Mapped "{[/user/{id}]}" onto private com.sishuok.entity.User com.sishuok.controller.UserController.view(java.lang.Long)
[ INFO ] [2016-08-28 14:01:59] org.springframework.web.servlet.mvc.method.annotation.RequestMappingHandlerMapping [218] - Mapped "{[/error]}" onto public org.springframework.http.ResponseEntity<java.util.Map<java.lang.String, java.lang.Object>> org.springframework.boot.autoconfigure.web.BasicErrorController.error(javax.servlet.http.HttpServletRequest)
[ INFO ] [2016-08-28 14:01:59] org.springframework.web.servlet.mvc.method.annotation.RequestMappingHandlerMapping [218] - Mapped "{[/error],produces=[text/html]}" onto public org.springframework.web.servlet.ModelAndView org.springframework.boot.autoconfigure.web.BasicErrorController.errorHtml(javax.servlet.http.HttpServletRequest,javax.servlet.http.HttpServletResponse)
[ INFO ] [2016-08-28 14:01:59] org.springframework.web.servlet.handler.SimpleUrlHandlerMapping [314] - Mapped URL path [/webjars/**] onto handler of type [class org.springframework.web.servlet.resource.ResourceHttpRequestHandler]
[ INFO ] [2016-08-28 14:01:59] org.springframework.web.servlet.handler.SimpleUrlHandlerMapping [314] - Mapped URL path [/**] onto handler of type [class org.springframework.web.servlet.resource.ResourceHttpRequestHandler]
[ INFO ] [2016-08-28 14:01:59] org.springframework.web.servlet.handler.SimpleUrlHandlerMapping [314] - Mapped URL path [/**/favicon.ico] onto handler of type [class org.springframework.web.servlet.resource.ResourceHttpRequestHandler]
[ INFO ] [2016-08-28 14:02:00] org.apache.solr.client.solrj.impl.HttpClientUtil [103] - Creating new http client, config:maxConnections=128&maxConnectionsPerHost=32&followRedirects=false
[ INFO ] [2016-08-28 14:02:00] org.springframework.jmx.export.annotation.AnnotationMBeanExporter [431] - Registering beans for JMX exposure on startup
[ INFO ] [2016-08-28 14:02:00] / [2052] - Initializing Spring FrameworkServlet 'dispatcherServlet'
[ INFO ] [2016-08-28 14:02:00] org.springframework.web.servlet.DispatcherServlet [485] - FrameworkServlet 'dispatcherServlet': initialization started
[ INFO ] [2016-08-28 14:02:00] org.springframework.web.servlet.DispatcherServlet [504] - FrameworkServlet 'dispatcherServlet': initialization completed in 16 ms
[ INFO ] [2016-08-28 14:02:00] org.eclipse.jetty.server.ServerConnector [266] - Started ServerConnector@3461b533{HTTP/1.1}{0.0.0.0:8080}
[ INFO ] [2016-08-28 14:02:00] org.springframework.boot.context.embedded.jetty.JettyEmbeddedServletContainer [117] - Jetty started on port(s) 8080 (http/1.1)
[ INFO ] [2016-08-28 14:02:00] com.sishuok.Application [57] - Started Application in 4.459 seconds (JVM running for 5.441)
[ INFO ] [2016-08-28 14:22:39] com.sishuok.Application [48] - Starting Application on luopc-pc with PID 1780 (D:\workspace\git-work\spring-boot-helloworld\target\classes started by Luopc in D:\workspace\git-work\spring-boot-helloworld)
[ INFO ] [2016-08-28 14:22:39] org.springframework.boot.context.embedded.AnnotationConfigEmbeddedWebApplicationContext [514] - Refreshing org.springframework.boot.context.embedded.AnnotationConfigEmbeddedWebApplicationContext@4b7dd928: startup date [Sun Aug 28 14:22:39 CST 2016]; root of context hierarchy
[ INFO ] [2016-08-28 14:22:40] org.springframework.beans.factory.support.DefaultListableBeanFactory [822] - Overriding bean definition for bean 'beanNameViewResolver': replacing [Root bean: class [null]; scope=; abstract=false; lazyInit=false; autowireMode=3; dependencyCheck=0; autowireCandidate=true; primary=false; factoryBeanName=org.springframework.boot.autoconfigure.web.ErrorMvcAutoConfiguration$WhitelabelErrorViewConfiguration; factoryMethodName=beanNameViewResolver; initMethodName=null; destroyMethodName=(inferred); defined in class path resource [org/springframework/boot/autoconfigure/web/ErrorMvcAutoConfiguration$WhitelabelErrorViewConfiguration.class]] with [Root bean: class [null]; scope=; abstract=false; lazyInit=false; autowireMode=3; dependencyCheck=0; autowireCandidate=true; primary=false; factoryBeanName=org.springframework.boot.autoconfigure.web.WebMvcAutoConfiguration$WebMvcAutoConfigurationAdapter; factoryMethodName=beanNameViewResolver; initMethodName=null; destroyMethodName=(inferred); defined in class path resource [org/springframework/boot/autoconfigure/web/WebMvcAutoConfiguration$WebMvcAutoConfigurationAdapter.class]]
[ INFO ] [2016-08-28 14:22:40] org.hibernate.validator.internal.util.Version [27] - HV000001: Hibernate Validator 5.1.3.Final
[ INFO ] [2016-08-28 14:22:41] org.springframework.boot.context.embedded.jetty.JettyEmbeddedServletContainerFactory [125] - Server initialized with port: 8080
[ INFO ] [2016-08-28 14:22:41] org.eclipse.jetty.server.Server [327] - jetty-9.2.14.v20151106
[ INFO ] [2016-08-28 14:22:41] / [2052] - Initializing Spring embedded WebApplicationContext
[ INFO ] [2016-08-28 14:22:41] org.springframework.web.context.ContextLoader [271] - Root WebApplicationContext: initialization completed in 1824 ms
[ INFO ] [2016-08-28 14:22:42] org.springframework.security.web.DefaultSecurityFilterChain [28] - Creating filter chain: Ant [pattern='/css/**'], []
[ INFO ] [2016-08-28 14:22:42] org.springframework.security.web.DefaultSecurityFilterChain [28] - Creating filter chain: Ant [pattern='/js/**'], []
[ INFO ] [2016-08-28 14:22:42] org.springframework.security.web.DefaultSecurityFilterChain [28] - Creating filter chain: Ant [pattern='/images/**'], []
[ INFO ] [2016-08-28 14:22:42] org.springframework.security.web.DefaultSecurityFilterChain [28] - Creating filter chain: Ant [pattern='/**/favicon.ico'], []
[ INFO ] [2016-08-28 14:22:42] org.springframework.security.web.DefaultSecurityFilterChain [28] - Creating filter chain: Ant [pattern='/error'], []
[ INFO ] [2016-08-28 14:22:42] org.springframework.security.web.DefaultSecurityFilterChain [28] - Creating filter chain: OrRequestMatcher [requestMatchers=[Ant [pattern='/**']]], [org.springframework.security.web.context.request.async.WebAsyncManagerIntegrationFilter@1d0a3e63, org.springframework.security.web.context.SecurityContextPersistenceFilter@6fd73866, org.springframework.security.web.header.HeaderWriterFilter@57049def, org.springframework.security.web.authentication.logout.LogoutFilter@2c0864a6, org.springframework.security.web.authentication.www.BasicAuthenticationFilter@2d9917bc, org.springframework.security.web.savedrequest.RequestCacheAwareFilter@1f5dbf41, org.springframework.security.web.servletapi.SecurityContextHolderAwareRequestFilter@390bfd46, org.springframework.security.web.authentication.AnonymousAuthenticationFilter@b85e47a, org.springframework.security.web.session.SessionManagementFilter@22c26ee7, org.springframework.security.web.access.ExceptionTranslationFilter@3df584, org.springframework.security.web.access.intercept.FilterSecurityInterceptor@23eb54ea]
[ INFO ] [2016-08-28 14:22:42] org.springframework.boot.context.embedded.FilterRegistrationBean [287] - Mapping filter: 'characterEncodingFilter' to: [/*]
[ INFO ] [2016-08-28 14:22:42] org.springframework.boot.context.embedded.FilterRegistrationBean [287] - Mapping filter: 'hiddenHttpMethodFilter' to: [/*]
[ INFO ] [2016-08-28 14:22:42] org.springframework.boot.context.embedded.FilterRegistrationBean [287] - Mapping filter: 'springSecurityFilterChain' to: [/*]
[ INFO ] [2016-08-28 14:22:42] org.springframework.boot.context.embedded.ServletRegistrationBean [189] - Mapping servlet: 'dispatcherServlet' to [/]
[ INFO ] [2016-08-28 14:22:42] org.eclipse.jetty.server.handler.ContextHandler [744] - Started o.s.b.c.e.j.JettyEmbeddedWebAppContext@584868a9{/,null,AVAILABLE}
[ INFO ] [2016-08-28 14:22:42] org.eclipse.jetty.server.Server [379] - Started @4045ms
[ INFO ] [2016-08-28 14:22:42] org.springframework.web.servlet.mvc.method.annotation.RequestMappingHandlerAdapter [517] - Looking for @ControllerAdvice: org.springframework.boot.context.embedded.AnnotationConfigEmbeddedWebApplicationContext@4b7dd928: startup date [Sun Aug 28 14:22:39 CST 2016]; root of context hierarchy
[ INFO ] [2016-08-28 14:22:42] org.springframework.web.servlet.mvc.method.annotation.RequestMappingHandlerMapping [218] - Mapped "{[/user/{id}]}" onto private com.sishuok.entity.User com.sishuok.controller.UserController.view(java.lang.Long)
[ INFO ] [2016-08-28 14:22:42] org.springframework.web.servlet.mvc.method.annotation.RequestMappingHandlerMapping [218] - Mapped "{[/error]}" onto public org.springframework.http.ResponseEntity<java.util.Map<java.lang.String, java.lang.Object>> org.springframework.boot.autoconfigure.web.BasicErrorController.error(javax.servlet.http.HttpServletRequest)
[ INFO ] [2016-08-28 14:22:42] org.springframework.web.servlet.mvc.method.annotation.RequestMappingHandlerMapping [218] - Mapped "{[/error],produces=[text/html]}" onto public org.springframework.web.servlet.ModelAndView org.springframework.boot.autoconfigure.web.BasicErrorController.errorHtml(javax.servlet.http.HttpServletRequest,javax.servlet.http.HttpServletResponse)
[ INFO ] [2016-08-28 14:22:42] org.springframework.web.servlet.handler.SimpleUrlHandlerMapping [314] - Mapped URL path [/webjars/**] onto handler of type [class org.springframework.web.servlet.resource.ResourceHttpRequestHandler]
[ INFO ] [2016-08-28 14:22:42] org.springframework.web.servlet.handler.SimpleUrlHandlerMapping [314] - Mapped URL path [/**] onto handler of type [class org.springframework.web.servlet.resource.ResourceHttpRequestHandler]
[ INFO ] [2016-08-28 14:22:42] org.springframework.web.servlet.handler.SimpleUrlHandlerMapping [314] - Mapped URL path [/**/favicon.ico] onto handler of type [class org.springframework.web.servlet.resource.ResourceHttpRequestHandler]
[ INFO ] [2016-08-28 14:22:42] org.apache.solr.client.solrj.impl.HttpClientUtil [103] - Creating new http client, config:maxConnections=128&maxConnectionsPerHost=32&followRedirects=false
[ INFO ] [2016-08-28 14:22:42] org.springframework.jmx.export.annotation.AnnotationMBeanExporter [431] - Registering beans for JMX exposure on startup
[ INFO ] [2016-08-28 14:22:42] / [2052] - Initializing Spring FrameworkServlet 'dispatcherServlet'
[ INFO ] [2016-08-28 14:22:42] org.springframework.web.servlet.DispatcherServlet [485] - FrameworkServlet 'dispatcherServlet': initialization started
[ INFO ] [2016-08-28 14:22:42] org.springframework.web.servlet.DispatcherServlet [504] - FrameworkServlet 'dispatcherServlet': initialization completed in 8 ms
[ INFO ] [2016-08-28 14:22:42] org.eclipse.jetty.server.ServerConnector [266] - Started ServerConnector@cbcb654{HTTP/1.1}{0.0.0.0:8080}
[ INFO ] [2016-08-28 14:22:42] org.springframework.boot.context.embedded.jetty.JettyEmbeddedServletContainer [117] - Jetty started on port(s) 8080 (http/1.1)
[ INFO ] [2016-08-28 14:22:42] com.sishuok.Application [57] - Started Application in 3.864 seconds (JVM running for 4.602)
[ INFO ] [2016-08-28 14:29:31] com.sishuok.Application [48] - Starting Application on luopc-pc with PID 11388 (D:\workspace\git-work\spring-boot-helloworld\target\classes started by Luopc in D:\workspace\git-work\spring-boot-helloworld)
[ INFO ] [2016-08-28 14:29:31] org.springframework.boot.context.embedded.AnnotationConfigEmbeddedWebApplicationContext [514] - Refreshing org.springframework.boot.context.embedded.AnnotationConfigEmbeddedWebApplicationContext@4b7dd928: startup date [Sun Aug 28 14:29:31 CST 2016]; root of context hierarchy
[ INFO ] [2016-08-28 14:29:32] org.springframework.beans.factory.support.DefaultListableBeanFactory [822] - Overriding bean definition for bean 'beanNameViewResolver': replacing [Root bean: class [null]; scope=; abstract=false; lazyInit=false; autowireMode=3; dependencyCheck=0; autowireCandidate=true; primary=false; factoryBeanName=org.springframework.boot.autoconfigure.web.ErrorMvcAutoConfiguration$WhitelabelErrorViewConfiguration; factoryMethodName=beanNameViewResolver; initMethodName=null; destroyMethodName=(inferred); defined in class path resource [org/springframework/boot/autoconfigure/web/ErrorMvcAutoConfiguration$WhitelabelErrorViewConfiguration.class]] with [Root bean: class [null]; scope=; abstract=false; lazyInit=false; autowireMode=3; dependencyCheck=0; autowireCandidate=true; primary=false; factoryBeanName=org.springframework.boot.autoconfigure.web.WebMvcAutoConfiguration$WebMvcAutoConfigurationAdapter; factoryMethodName=beanNameViewResolver; initMethodName=null; destroyMethodName=(inferred); defined in class path resource [org/springframework/boot/autoconfigure/web/WebMvcAutoConfiguration$WebMvcAutoConfigurationAdapter.class]]
[ INFO ] [2016-08-28 14:29:32] org.hibernate.validator.internal.util.Version [27] - HV000001: Hibernate Validator 5.1.3.Final
[ INFO ] [2016-08-28 14:29:33] org.springframework.boot.context.embedded.jetty.JettyEmbeddedServletContainerFactory [125] - Server initialized with port: 8080
[ INFO ] [2016-08-28 14:29:33] org.eclipse.jetty.server.Server [327] - jetty-9.2.14.v20151106
[ INFO ] [2016-08-28 14:29:33] / [2052] - Initializing Spring embedded WebApplicationContext
[ INFO ] [2016-08-28 14:29:33] org.springframework.web.context.ContextLoader [271] - Root WebApplicationContext: initialization completed in 1978 ms
[ INFO ] [2016-08-28 14:29:33] org.springframework.security.web.DefaultSecurityFilterChain [28] - Creating filter chain: Ant [pattern='/css/**'], []
[ INFO ] [2016-08-28 14:29:33] org.springframework.security.web.DefaultSecurityFilterChain [28] - Creating filter chain: Ant [pattern='/js/**'], []
[ INFO ] [2016-08-28 14:29:33] org.springframework.security.web.DefaultSecurityFilterChain [28] - Creating filter chain: Ant [pattern='/images/**'], []
[ INFO ] [2016-08-28 14:29:33] org.springframework.security.web.DefaultSecurityFilterChain [28] - Creating filter chain: Ant [pattern='/**/favicon.ico'], []
[ INFO ] [2016-08-28 14:29:33] org.springframework.security.web.DefaultSecurityFilterChain [28] - Creating filter chain: Ant [pattern='/error'], []
[ INFO ] [2016-08-28 14:29:33] org.springframework.security.web.DefaultSecurityFilterChain [28] - Creating filter chain: OrRequestMatcher [requestMatchers=[Ant [pattern='/**']]], [org.springframework.security.web.context.request.async.WebAsyncManagerIntegrationFilter@3a8c4b43, org.springframework.security.web.context.SecurityContextPersistenceFilter@42211bec, org.springframework.security.web.header.HeaderWriterFilter@2f42d259, org.springframework.security.web.authentication.logout.LogoutFilter@2c394e3f, org.springframework.security.web.authentication.www.BasicAuthenticationFilter@4527769a, org.springframework.security.web.savedrequest.RequestCacheAwareFilter@3aee2e79, org.springframework.security.web.servletapi.SecurityContextHolderAwareRequestFilter@61a79110, org.springframework.security.web.authentication.AnonymousAuthenticationFilter@50a139bc, org.springframework.security.web.session.SessionManagementFilter@43b7547d, org.springframework.security.web.access.ExceptionTranslationFilter@760d4992, org.springframework.security.web.access.intercept.FilterSecurityInterceptor@7dec08b1]
[ INFO ] [2016-08-28 14:29:34] org.springframework.boot.context.embedded.FilterRegistrationBean [287] - Mapping filter: 'characterEncodingFilter' to: [/*]
[ INFO ] [2016-08-28 14:29:34] org.springframework.boot.context.embedded.FilterRegistrationBean [287] - Mapping filter: 'hiddenHttpMethodFilter' to: [/*]
[ INFO ] [2016-08-28 14:29:34] org.springframework.boot.context.embedded.FilterRegistrationBean [287] - Mapping filter: 'springSecurityFilterChain' to: [/*]
[ INFO ] [2016-08-28 14:29:34] org.springframework.boot.context.embedded.ServletRegistrationBean [189] - Mapping servlet: 'dispatcherServlet' to [/]
[ INFO ] [2016-08-28 14:29:34] org.eclipse.jetty.server.handler.ContextHandler [744] - Started o.s.b.c.e.j.JettyEmbeddedWebAppContext@44a1676f{/,null,AVAILABLE}
[ INFO ] [2016-08-28 14:29:34] org.eclipse.jetty.server.Server [379] - Started @4227ms
[ INFO ] [2016-08-28 14:29:34] org.springframework.web.servlet.mvc.method.annotation.RequestMappingHandlerAdapter [517] - Looking for @ControllerAdvice: org.springframework.boot.context.embedded.AnnotationConfigEmbeddedWebApplicationContext@4b7dd928: startup date [Sun Aug 28 14:29:31 CST 2016]; root of context hierarchy
[ INFO ] [2016-08-28 14:29:34] org.springframework.web.servlet.mvc.method.annotation.RequestMappingHandlerMapping [218] - Mapped "{[/user/{id}]}" onto private com.sishuok.entity.User com.sishuok.controller.UserController.view(java.lang.Long)
[ INFO ] [2016-08-28 14:29:34] org.springframework.web.servlet.mvc.method.annotation.RequestMappingHandlerMapping [218] - Mapped "{[/error]}" onto public org.springframework.http.ResponseEntity<java.util.Map<java.lang.String, java.lang.Object>> org.springframework.boot.autoconfigure.web.BasicErrorController.error(javax.servlet.http.HttpServletRequest)
[ INFO ] [2016-08-28 14:29:34] org.springframework.web.servlet.mvc.method.annotation.RequestMappingHandlerMapping [218] - Mapped "{[/error],produces=[text/html]}" onto public org.springframework.web.servlet.ModelAndView org.springframework.boot.autoconfigure.web.BasicErrorController.errorHtml(javax.servlet.http.HttpServletRequest,javax.servlet.http.HttpServletResponse)
[ INFO ] [2016-08-28 14:29:34] org.springframework.web.servlet.handler.SimpleUrlHandlerMapping [314] - Mapped URL path [/webjars/**] onto handler of type [class org.springframework.web.servlet.resource.ResourceHttpRequestHandler]
[ INFO ] [2016-08-28 14:29:34] org.springframework.web.servlet.handler.SimpleUrlHandlerMapping [314] - Mapped URL path [/**] onto handler of type [class org.springframework.web.servlet.resource.ResourceHttpRequestHandler]
[ INFO ] [2016-08-28 14:29:34] org.springframework.web.servlet.handler.SimpleUrlHandlerMapping [314] - Mapped URL path [/**/favicon.ico] onto handler of type [class org.springframework.web.servlet.resource.ResourceHttpRequestHandler]
[ INFO ] [2016-08-28 14:29:34] org.apache.solr.client.solrj.impl.HttpClientUtil [103] - Creating new http client, config:maxConnections=128&maxConnectionsPerHost=32&followRedirects=false
[ INFO ] [2016-08-28 14:29:34] org.springframework.jmx.export.annotation.AnnotationMBeanExporter [431] - Registering beans for JMX exposure on startup
[ INFO ] [2016-08-28 14:29:34] / [2052] - Initializing Spring FrameworkServlet 'dispatcherServlet'
[ INFO ] [2016-08-28 14:29:34] org.springframework.web.servlet.DispatcherServlet [485] - FrameworkServlet 'dispatcherServlet': initialization started
[ INFO ] [2016-08-28 14:29:34] org.springframework.web.servlet.DispatcherServlet [504] - FrameworkServlet 'dispatcherServlet': initialization completed in 8 ms
[ INFO ] [2016-08-28 14:29:34] org.eclipse.jetty.server.ServerConnector [266] - Started ServerConnector@44469e5d{HTTP/1.1}{0.0.0.0:8080}
[ INFO ] [2016-08-28 14:29:34] org.springframework.boot.context.embedded.jetty.JettyEmbeddedServletContainer [117] - Jetty started on port(s) 8080 (http/1.1)
[ INFO ] [2016-08-28 14:29:34] com.sishuok.Application [57] - Started Application in 4.118 seconds (JVM running for 4.84)
[ INFO ] [2016-08-28 14:33:48] com.sishuok.Application [48] - Starting Application on luopc-pc with PID 9056 (D:\workspace\git-work\spring-boot-helloworld\target\classes started by Luopc in D:\workspace\git-work\spring-boot-helloworld)
[ INFO ] [2016-08-28 14:33:48] org.springframework.boot.context.embedded.AnnotationConfigEmbeddedWebApplicationContext [514] - Refreshing org.springframework.boot.context.embedded.AnnotationConfigEmbeddedWebApplicationContext@701c2ed7: startup date [Sun Aug 28 14:33:48 CST 2016]; root of context hierarchy
[ INFO ] [2016-08-28 14:33:49] org.springframework.beans.factory.support.DefaultListableBeanFactory [822] - Overriding bean definition for bean 'beanNameViewResolver': replacing [Root bean: class [null]; scope=; abstract=false; lazyInit=false; autowireMode=3; dependencyCheck=0; autowireCandidate=true; primary=false; factoryBeanName=org.springframework.boot.autoconfigure.web.ErrorMvcAutoConfiguration$WhitelabelErrorViewConfiguration; factoryMethodName=beanNameViewResolver; initMethodName=null; destroyMethodName=(inferred); defined in class path resource [org/springframework/boot/autoconfigure/web/ErrorMvcAutoConfiguration$WhitelabelErrorViewConfiguration.class]] with [Root bean: class [null]; scope=; abstract=false; lazyInit=false; autowireMode=3; dependencyCheck=0; autowireCandidate=true; primary=false; factoryBeanName=org.springframework.boot.autoconfigure.web.WebMvcAutoConfiguration$WebMvcAutoConfigurationAdapter; factoryMethodName=beanNameViewResolver; initMethodName=null; destroyMethodName=(inferred); defined in class path resource [org/springframework/boot/autoconfigure/web/WebMvcAutoConfiguration$WebMvcAutoConfigurationAdapter.class]]
[ INFO ] [2016-08-28 14:33:50] org.hibernate.validator.internal.util.Version [27] - HV000001: Hibernate Validator 5.1.3.Final
[ INFO ] [2016-08-28 14:33:50] org.springframework.boot.context.embedded.jetty.JettyEmbeddedServletContainerFactory [125] - Server initialized with port: 8080
[ INFO ] [2016-08-28 14:33:50] org.eclipse.jetty.server.Server [327] - jetty-9.2.14.v20151106
[ INFO ] [2016-08-28 14:33:50] / [2052] - Initializing Spring embedded WebApplicationContext
[ INFO ] [2016-08-28 14:33:50] org.springframework.web.context.ContextLoader [271] - Root WebApplicationContext: initialization completed in 1874 ms
[ INFO ] [2016-08-28 14:33:51] org.springframework.boot.autoconfigure.security.AuthenticationManagerConfiguration [172] - 

Using default security password: 053c4a53-d8ec-4f1f-9cb3-630fbcf73e2b

[ INFO ] [2016-08-28 14:33:51] org.springframework.security.web.DefaultSecurityFilterChain [28] - Creating filter chain: Ant [pattern='/css/**'], []
[ INFO ] [2016-08-28 14:33:51] org.springframework.security.web.DefaultSecurityFilterChain [28] - Creating filter chain: Ant [pattern='/js/**'], []
[ INFO ] [2016-08-28 14:33:51] org.springframework.security.web.DefaultSecurityFilterChain [28] - Creating filter chain: Ant [pattern='/images/**'], []
[ INFO ] [2016-08-28 14:33:51] org.springframework.security.web.DefaultSecurityFilterChain [28] - Creating filter chain: Ant [pattern='/**/favicon.ico'], []
[ INFO ] [2016-08-28 14:33:51] org.springframework.security.web.DefaultSecurityFilterChain [28] - Creating filter chain: Ant [pattern='/error'], []
[ INFO ] [2016-08-28 14:33:51] org.springframework.security.web.DefaultSecurityFilterChain [28] - Creating filter chain: OrRequestMatcher [requestMatchers=[Ant [pattern='/**']]], [org.springframework.security.web.context.request.async.WebAsyncManagerIntegrationFilter@2129a843, org.springframework.security.web.context.SecurityContextPersistenceFilter@6d644bde, org.springframework.security.web.header.HeaderWriterFilter@691d8fc2, org.springframework.security.web.authentication.logout.LogoutFilter@2280cbba, org.springframework.security.web.authentication.www.BasicAuthenticationFilter@7d542286, org.springframework.security.web.savedrequest.RequestCacheAwareFilter@48250705, org.springframework.security.web.servletapi.SecurityContextHolderAwareRequestFilter@61e1db6, org.springframework.security.web.authentication.AnonymousAuthenticationFilter@35e5d7b7, org.springframework.security.web.session.SessionManagementFilter@7c34575, org.springframework.security.web.access.ExceptionTranslationFilter@7ed47c59, org.springframework.security.web.access.intercept.FilterSecurityInterceptor@4b822430]
[ INFO ] [2016-08-28 14:33:51] org.springframework.boot.context.embedded.FilterRegistrationBean [287] - Mapping filter: 'characterEncodingFilter' to: [/*]
[ INFO ] [2016-08-28 14:33:51] org.springframework.boot.context.embedded.FilterRegistrationBean [287] - Mapping filter: 'hiddenHttpMethodFilter' to: [/*]
[ INFO ] [2016-08-28 14:33:51] org.springframework.boot.context.embedded.FilterRegistrationBean [287] - Mapping filter: 'springSecurityFilterChain' to: [/*]
[ INFO ] [2016-08-28 14:33:51] org.springframework.boot.context.embedded.ServletRegistrationBean [189] - Mapping servlet: 'dispatcherServlet' to [/]
[ INFO ] [2016-08-28 14:33:51] org.eclipse.jetty.server.handler.ContextHandler [744] - Started o.s.b.c.e.j.JettyEmbeddedWebAppContext@2895525e{/,null,AVAILABLE}
[ INFO ] [2016-08-28 14:33:51] org.eclipse.jetty.server.Server [379] - Started @3724ms
[ INFO ] [2016-08-28 14:33:51] org.springframework.web.servlet.mvc.method.annotation.RequestMappingHandlerAdapter [517] - Looking for @ControllerAdvice: org.springframework.boot.context.embedded.AnnotationConfigEmbeddedWebApplicationContext@701c2ed7: startup date [Sun Aug 28 14:33:48 CST 2016]; root of context hierarchy
[ INFO ] [2016-08-28 14:33:51] org.springframework.web.servlet.mvc.method.annotation.RequestMappingHandlerMapping [218] - Mapped "{[/user/{id}]}" onto private com.sishuok.entity.User com.sishuok.controller.UserController.view(java.lang.Long)
[ INFO ] [2016-08-28 14:33:51] org.springframework.web.servlet.mvc.method.annotation.RequestMappingHandlerMapping [218] - Mapped "{[/error]}" onto public org.springframework.http.ResponseEntity<java.util.Map<java.lang.String, java.lang.Object>> org.springframework.boot.autoconfigure.web.BasicErrorController.error(javax.servlet.http.HttpServletRequest)
[ INFO ] [2016-08-28 14:33:51] org.springframework.web.servlet.mvc.method.annotation.RequestMappingHandlerMapping [218] - Mapped "{[/error],produces=[text/html]}" onto public org.springframework.web.servlet.ModelAndView org.springframework.boot.autoconfigure.web.BasicErrorController.errorHtml(javax.servlet.http.HttpServletRequest,javax.servlet.http.HttpServletResponse)
[ INFO ] [2016-08-28 14:33:51] org.springframework.web.servlet.handler.SimpleUrlHandlerMapping [314] - Mapped URL path [/webjars/**] onto handler of type [class org.springframework.web.servlet.resource.ResourceHttpRequestHandler]
[ INFO ] [2016-08-28 14:33:51] org.springframework.web.servlet.handler.SimpleUrlHandlerMapping [314] - Mapped URL path [/**] onto handler of type [class org.springframework.web.servlet.resource.ResourceHttpRequestHandler]
[ INFO ] [2016-08-28 14:33:51] org.springframework.web.servlet.handler.SimpleUrlHandlerMapping [314] - Mapped URL path [/**/favicon.ico] onto handler of type [class org.springframework.web.servlet.resource.ResourceHttpRequestHandler]
[ INFO ] [2016-08-28 14:33:51] org.apache.solr.client.solrj.impl.HttpClientUtil [103] - Creating new http client, config:maxConnections=128&maxConnectionsPerHost=32&followRedirects=false
[ INFO ] [2016-08-28 14:33:51] org.springframework.jmx.export.annotation.AnnotationMBeanExporter [431] - Registering beans for JMX exposure on startup
[ INFO ] [2016-08-28 14:33:51] / [2052] - Initializing Spring FrameworkServlet 'dispatcherServlet'
[ INFO ] [2016-08-28 14:33:51] org.springframework.web.servlet.DispatcherServlet [485] - FrameworkServlet 'dispatcherServlet': initialization started
[ INFO ] [2016-08-28 14:33:51] org.springframework.web.servlet.DispatcherServlet [504] - FrameworkServlet 'dispatcherServlet': initialization completed in 10 ms
[ INFO ] [2016-08-28 14:33:52] org.eclipse.jetty.server.ServerConnector [266] - Started ServerConnector@1462722a{HTTP/1.1}{0.0.0.0:8080}
[ INFO ] [2016-08-28 14:33:52] org.springframework.boot.context.embedded.jetty.JettyEmbeddedServletContainer [117] - Jetty started on port(s) 8080 (http/1.1)
[ INFO ] [2016-08-28 14:33:52] com.sishuok.Application [57] - Started Application in 3.7 seconds (JVM running for 4.24)
[ INFO ] [2016-08-28 14:34:48] com.sishuok.Application [48] - Starting Application on luopc-pc with PID 11908 (D:\workspace\git-work\spring-boot-helloworld\target\classes started by Luopc in D:\workspace\git-work\spring-boot-helloworld)
[ INFO ] [2016-08-28 14:34:48] org.springframework.boot.context.embedded.AnnotationConfigEmbeddedWebApplicationContext [514] - Refreshing org.springframework.boot.context.embedded.AnnotationConfigEmbeddedWebApplicationContext@701c2ed7: startup date [Sun Aug 28 14:34:48 CST 2016]; root of context hierarchy
[ INFO ] [2016-08-28 14:34:49] org.springframework.beans.factory.support.DefaultListableBeanFactory [822] - Overriding bean definition for bean 'beanNameViewResolver': replacing [Root bean: class [null]; scope=; abstract=false; lazyInit=false; autowireMode=3; dependencyCheck=0; autowireCandidate=true; primary=false; factoryBeanName=org.springframework.boot.autoconfigure.web.ErrorMvcAutoConfiguration$WhitelabelErrorViewConfiguration; factoryMethodName=beanNameViewResolver; initMethodName=null; destroyMethodName=(inferred); defined in class path resource [org/springframework/boot/autoconfigure/web/ErrorMvcAutoConfiguration$WhitelabelErrorViewConfiguration.class]] with [Root bean: class [null]; scope=; abstract=false; lazyInit=false; autowireMode=3; dependencyCheck=0; autowireCandidate=true; primary=false; factoryBeanName=org.springframework.boot.autoconfigure.web.WebMvcAutoConfiguration$WebMvcAutoConfigurationAdapter; factoryMethodName=beanNameViewResolver; initMethodName=null; destroyMethodName=(inferred); defined in class path resource [org/springframework/boot/autoconfigure/web/WebMvcAutoConfiguration$WebMvcAutoConfigurationAdapter.class]]
[ INFO ] [2016-08-28 14:34:50] org.hibernate.validator.internal.util.Version [27] - HV000001: Hibernate Validator 5.1.3.Final
[ INFO ] [2016-08-28 14:34:50] org.springframework.boot.context.embedded.jetty.JettyEmbeddedServletContainerFactory [125] - Server initialized with port: 8080
[ INFO ] [2016-08-28 14:34:50] org.eclipse.jetty.server.Server [327] - jetty-9.2.14.v20151106
[ INFO ] [2016-08-28 14:34:50] / [2052] - Initializing Spring embedded WebApplicationContext
[ INFO ] [2016-08-28 14:34:50] org.springframework.web.context.ContextLoader [271] - Root WebApplicationContext: initialization completed in 1730 ms
[ INFO ] [2016-08-28 14:34:51] org.springframework.boot.autoconfigure.security.AuthenticationManagerConfiguration [172] - 

Using default security password: 7b3283ca-dfad-4391-a7b8-2ceadeb15403

[ INFO ] [2016-08-28 14:34:51] org.springframework.security.web.DefaultSecurityFilterChain [28] - Creating filter chain: Ant [pattern='/css/**'], []
[ INFO ] [2016-08-28 14:34:51] org.springframework.security.web.DefaultSecurityFilterChain [28] - Creating filter chain: Ant [pattern='/js/**'], []
[ INFO ] [2016-08-28 14:34:51] org.springframework.security.web.DefaultSecurityFilterChain [28] - Creating filter chain: Ant [pattern='/images/**'], []
[ INFO ] [2016-08-28 14:34:51] org.springframework.security.web.DefaultSecurityFilterChain [28] - Creating filter chain: Ant [pattern='/**/favicon.ico'], []
[ INFO ] [2016-08-28 14:34:51] org.springframework.security.web.DefaultSecurityFilterChain [28] - Creating filter chain: Ant [pattern='/error'], []
[ INFO ] [2016-08-28 14:34:51] org.springframework.security.web.DefaultSecurityFilterChain [28] - Creating filter chain: OrRequestMatcher [requestMatchers=[Ant [pattern='/**']]], [org.springframework.security.web.context.request.async.WebAsyncManagerIntegrationFilter@2ea965c9, org.springframework.security.web.context.SecurityContextPersistenceFilter@61e1db6, org.springframework.security.web.header.HeaderWriterFilter@79139c0f, org.springframework.security.web.authentication.logout.LogoutFilter@480592e3, org.springframework.security.web.authentication.www.BasicAuthenticationFilter@21b63266, org.springframework.security.web.savedrequest.RequestCacheAwareFilter@2ad1b47d, org.springframework.security.web.servletapi.SecurityContextHolderAwareRequestFilter@86f1c8e, org.springframework.security.web.authentication.AnonymousAuthenticationFilter@7359870d, org.springframework.security.web.session.SessionManagementFilter@48250705, org.springframework.security.web.access.ExceptionTranslationFilter@49c03579, org.springframework.security.web.access.intercept.FilterSecurityInterceptor@7a25a893]
[ INFO ] [2016-08-28 14:34:51] org.springframework.boot.context.embedded.FilterRegistrationBean [287] - Mapping filter: 'characterEncodingFilter' to: [/*]
[ INFO ] [2016-08-28 14:34:51] org.springframework.boot.context.embedded.FilterRegistrationBean [287] - Mapping filter: 'hiddenHttpMethodFilter' to: [/*]
[ INFO ] [2016-08-28 14:34:51] org.springframework.boot.context.embedded.FilterRegistrationBean [287] - Mapping filter: 'springSecurityFilterChain' to: [/*]
[ INFO ] [2016-08-28 14:34:51] org.springframework.boot.context.embedded.ServletRegistrationBean [189] - Mapping servlet: 'dispatcherServlet' to [/]
[ INFO ] [2016-08-28 14:34:51] org.eclipse.jetty.server.handler.ContextHandler [744] - Started o.s.b.c.e.j.JettyEmbeddedWebAppContext@1be33bd2{/,null,AVAILABLE}
[ INFO ] [2016-08-28 14:34:51] org.eclipse.jetty.server.Server [379] - Started @3575ms
[ INFO ] [2016-08-28 14:34:51] org.springframework.web.servlet.mvc.method.annotation.RequestMappingHandlerAdapter [517] - Looking for @ControllerAdvice: org.springframework.boot.context.embedded.AnnotationConfigEmbeddedWebApplicationContext@701c2ed7: startup date [Sun Aug 28 14:34:48 CST 2016]; root of context hierarchy
[ INFO ] [2016-08-28 14:34:51] org.springframework.web.servlet.mvc.method.annotation.RequestMappingHandlerMapping [218] - Mapped "{[/user/{id}]}" onto private com.sishuok.entity.User com.sishuok.controller.UserController.view(java.lang.Long)
[ INFO ] [2016-08-28 14:34:51] org.springframework.web.servlet.mvc.method.annotation.RequestMappingHandlerMapping [218] - Mapped "{[/error]}" onto public org.springframework.http.ResponseEntity<java.util.Map<java.lang.String, java.lang.Object>> org.springframework.boot.autoconfigure.web.BasicErrorController.error(javax.servlet.http.HttpServletRequest)
[ INFO ] [2016-08-28 14:34:51] org.springframework.web.servlet.mvc.method.annotation.RequestMappingHandlerMapping [218] - Mapped "{[/error],produces=[text/html]}" onto public org.springframework.web.servlet.ModelAndView org.springframework.boot.autoconfigure.web.BasicErrorController.errorHtml(javax.servlet.http.HttpServletRequest,javax.servlet.http.HttpServletResponse)
[ INFO ] [2016-08-28 14:34:51] org.springframework.web.servlet.handler.SimpleUrlHandlerMapping [314] - Mapped URL path [/webjars/**] onto handler of type [class org.springframework.web.servlet.resource.ResourceHttpRequestHandler]
[ INFO ] [2016-08-28 14:34:51] org.springframework.web.servlet.handler.SimpleUrlHandlerMapping [314] - Mapped URL path [/**] onto handler of type [class org.springframework.web.servlet.resource.ResourceHttpRequestHandler]
[ INFO ] [2016-08-28 14:34:51] org.springframework.web.servlet.handler.SimpleUrlHandlerMapping [314] - Mapped URL path [/**/favicon.ico] onto handler of type [class org.springframework.web.servlet.resource.ResourceHttpRequestHandler]
[ INFO ] [2016-08-28 14:34:51] org.apache.solr.client.solrj.impl.HttpClientUtil [103] - Creating new http client, config:maxConnections=128&maxConnectionsPerHost=32&followRedirects=false
[ INFO ] [2016-08-28 14:34:51] org.springframework.jmx.export.annotation.AnnotationMBeanExporter [431] - Registering beans for JMX exposure on startup
[ INFO ] [2016-08-28 14:34:51] / [2052] - Initializing Spring FrameworkServlet 'dispatcherServlet'
[ INFO ] [2016-08-28 14:34:51] org.springframework.web.servlet.DispatcherServlet [485] - FrameworkServlet 'dispatcherServlet': initialization started
[ INFO ] [2016-08-28 14:34:52] org.springframework.web.servlet.DispatcherServlet [504] - FrameworkServlet 'dispatcherServlet': initialization completed in 10 ms
[ INFO ] [2016-08-28 14:34:52] org.eclipse.jetty.server.ServerConnector [266] - Started ServerConnector@fbbfe{HTTP/1.1}{0.0.0.0:8080}
[ INFO ] [2016-08-28 14:34:52] org.springframework.boot.context.embedded.jetty.JettyEmbeddedServletContainer [117] - Jetty started on port(s) 8080 (http/1.1)
[ INFO ] [2016-08-28 14:34:52] com.sishuok.Application [57] - Started Application in 3.646 seconds (JVM running for 4.09)
[ INFO ] [2016-08-28 14:35:14] com.sishuok.Application [48] - Starting Application on luopc-pc with PID 6376 (D:\workspace\git-work\spring-boot-helloworld\target\classes started by Luopc in D:\workspace\git-work\spring-boot-helloworld)
[ INFO ] [2016-08-28 14:35:14] org.springframework.boot.context.embedded.AnnotationConfigEmbeddedWebApplicationContext [514] - Refreshing org.springframework.boot.context.embedded.AnnotationConfigEmbeddedWebApplicationContext@20b7fdb8: startup date [Sun Aug 28 14:35:14 CST 2016]; root of context hierarchy
[ INFO ] [2016-08-28 14:35:15] org.springframework.beans.factory.support.DefaultListableBeanFactory [822] - Overriding bean definition for bean 'beanNameViewResolver': replacing [Root bean: class [null]; scope=; abstract=false; lazyInit=false; autowireMode=3; dependencyCheck=0; autowireCandidate=true; primary=false; factoryBeanName=org.springframework.boot.autoconfigure.web.ErrorMvcAutoConfiguration$WhitelabelErrorViewConfiguration; factoryMethodName=beanNameViewResolver; initMethodName=null; destroyMethodName=(inferred); defined in class path resource [org/springframework/boot/autoconfigure/web/ErrorMvcAutoConfiguration$WhitelabelErrorViewConfiguration.class]] with [Root bean: class [null]; scope=; abstract=false; lazyInit=false; autowireMode=3; dependencyCheck=0; autowireCandidate=true; primary=false; factoryBeanName=org.springframework.boot.autoconfigure.web.WebMvcAutoConfiguration$WebMvcAutoConfigurationAdapter; factoryMethodName=beanNameViewResolver; initMethodName=null; destroyMethodName=(inferred); defined in class path resource [org/springframework/boot/autoconfigure/web/WebMvcAutoConfiguration$WebMvcAutoConfigurationAdapter.class]]
[ INFO ] [2016-08-28 14:35:15] org.hibernate.validator.internal.util.Version [27] - HV000001: Hibernate Validator 5.1.3.Final
[ INFO ] [2016-08-28 14:35:15] org.springframework.boot.context.embedded.jetty.JettyEmbeddedServletContainerFactory [125] - Server initialized with port: 8080
[ INFO ] [2016-08-28 14:35:15] org.eclipse.jetty.server.Server [327] - jetty-9.2.14.v20151106
[ INFO ] [2016-08-28 14:35:16] / [2052] - Initializing Spring embedded WebApplicationContext
[ INFO ] [2016-08-28 14:35:16] org.springframework.web.context.ContextLoader [271] - Root WebApplicationContext: initialization completed in 1685 ms
[ INFO ] [2016-08-28 14:35:16] org.springframework.boot.context.embedded.ServletRegistrationBean [189] - Mapping servlet: 'dispatcherServlet' to [/]
[ INFO ] [2016-08-28 14:35:16] org.springframework.boot.context.embedded.FilterRegistrationBean [287] - Mapping filter: 'characterEncodingFilter' to: [/*]
[ INFO ] [2016-08-28 14:35:16] org.springframework.boot.context.embedded.FilterRegistrationBean [287] - Mapping filter: 'hiddenHttpMethodFilter' to: [/*]
[ INFO ] [2016-08-28 14:35:16] org.eclipse.jetty.server.handler.ContextHandler [744] - Started o.s.b.c.e.j.JettyEmbeddedWebAppContext@3b313024{/,null,AVAILABLE}
[ INFO ] [2016-08-28 14:35:16] org.eclipse.jetty.server.Server [379] - Started @3379ms
[ INFO ] [2016-08-28 14:35:16] org.springframework.web.servlet.mvc.method.annotation.RequestMappingHandlerAdapter [517] - Looking for @ControllerAdvice: org.springframework.boot.context.embedded.AnnotationConfigEmbeddedWebApplicationContext@20b7fdb8: startup date [Sun Aug 28 14:35:14 CST 2016]; root of context hierarchy
[ INFO ] [2016-08-28 14:35:16] org.springframework.web.servlet.mvc.method.annotation.RequestMappingHandlerMapping [218] - Mapped "{[/user/{id}]}" onto private com.sishuok.entity.User com.sishuok.controller.UserController.view(java.lang.Long)
[ INFO ] [2016-08-28 14:35:16] org.springframework.web.servlet.mvc.method.annotation.RequestMappingHandlerMapping [218] - Mapped "{[/error]}" onto public org.springframework.http.ResponseEntity<java.util.Map<java.lang.String, java.lang.Object>> org.springframework.boot.autoconfigure.web.BasicErrorController.error(javax.servlet.http.HttpServletRequest)
[ INFO ] [2016-08-28 14:35:16] org.springframework.web.servlet.mvc.method.annotation.RequestMappingHandlerMapping [218] - Mapped "{[/error],produces=[text/html]}" onto public org.springframework.web.servlet.ModelAndView org.springframework.boot.autoconfigure.web.BasicErrorController.errorHtml(javax.servlet.http.HttpServletRequest,javax.servlet.http.HttpServletResponse)
[ INFO ] [2016-08-28 14:35:16] org.springframework.web.servlet.handler.SimpleUrlHandlerMapping [314] - Mapped URL path [/webjars/**] onto handler of type [class org.springframework.web.servlet.resource.ResourceHttpRequestHandler]
[ INFO ] [2016-08-28 14:35:16] org.springframework.web.servlet.handler.SimpleUrlHandlerMapping [314] - Mapped URL path [/**] onto handler of type [class org.springframework.web.servlet.resource.ResourceHttpRequestHandler]
[ INFO ] [2016-08-28 14:35:16] org.springframework.web.servlet.handler.SimpleUrlHandlerMapping [314] - Mapped URL path [/**/favicon.ico] onto handler of type [class org.springframework.web.servlet.resource.ResourceHttpRequestHandler]
[ INFO ] [2016-08-28 14:35:17] org.apache.solr.client.solrj.impl.HttpClientUtil [103] - Creating new http client, config:maxConnections=128&maxConnectionsPerHost=32&followRedirects=false
[ INFO ] [2016-08-28 14:35:17] org.springframework.jmx.export.annotation.AnnotationMBeanExporter [431] - Registering beans for JMX exposure on startup
[ INFO ] [2016-08-28 14:35:17] / [2052] - Initializing Spring FrameworkServlet 'dispatcherServlet'
[ INFO ] [2016-08-28 14:35:17] org.springframework.web.servlet.DispatcherServlet [485] - FrameworkServlet 'dispatcherServlet': initialization started
[ INFO ] [2016-08-28 14:35:17] org.springframework.web.servlet.DispatcherServlet [504] - FrameworkServlet 'dispatcherServlet': initialization completed in 13 ms
[ INFO ] [2016-08-28 14:35:17] org.eclipse.jetty.server.ServerConnector [266] - Started ServerConnector@5141ecf1{HTTP/1.1}{0.0.0.0:8080}
[ INFO ] [2016-08-28 14:35:17] org.springframework.boot.context.embedded.jetty.JettyEmbeddedServletContainer [117] - Jetty started on port(s) 8080 (http/1.1)
[ INFO ] [2016-08-28 14:35:17] com.sishuok.Application [57] - Started Application in 3.322 seconds (JVM running for 3.911)
